2016-08-12 23:31:23.082911 [WARN] [DownloadEngineFactory.cc:201] Neither --rpc-secret nor a combination of --rpc-user and --rpc-passwd is set. This is insecure. It is extremely recommended to specify --rpc-secret with the adequate secrecy or now deprecated --rpc-user and --rpc-passwd.
2016-08-12 23:31:35.788319 [ERROR] [AbstractCommand.cc:402] CUID#9 - Download aborted. URI=http://d.pcs.baidu.com/file/523374612e575fe6c5980bd7c085e11f?fid=1597801778-250528-886102196478801&time=1471015894&rt=pr&sign=FDTAERVC-DCb740ccc5511e5e8fedcff06b081203-nHsnRd7GkRDaJ%2B1OCyoXDUL%2B8xI%3D&expires=8h&chkv=1&chkbd=1&chkpc=&dp-logid=5217927288884679963&dp-callid=0&r=146730078
Exception: [AbstractCommand.cc:402] errorCode=18 URI=http://124.164.10.23/d1.baidupcs.com/file/523374612e575fe6c5980bd7c085e11f?bkt=p3-00009e2927805906c5b916b66f3a703ca057&xcode=3e45a7c2251756024888fc87c269f7f6cb90e1698e5c137b65d75071b4dbd0f7&fid=1597801778-250528-886102196478801&time=1471015894&sign=FDTAXGERLBH-DCb740ccc5511e5e8fedcff06b081203-vubKk%2FVBlQNNs3AOiF%2Fgn0uGUCo%3D&to=lc&fm=Yan,B,U,nc&sta_dx=1112&sta_cs=21&sta_ft=rar&sta_ct=5&fm2=Yangquan,B,U,nc&newver=1&newfm=1&secfm=1&flow_ver=3&pkey=00009e2927805906c5b916b66f3a703ca057&sl=82509903&expires=8h&rt=pr&r=146730078&mlogid=5217927288884679963&vuk=1597801778&vbdid=-&fin=K50-T5_USR_ST1622_5.440.1_1605251648_mp1V2.39_CN.rar&slt=pm&uta=3&rtype=1&iv=0&isw=0&dp-logid=5217927288884679963&dp-callid=0.1.1&wshc_tag=0&wsts_tag=57adebd7&wsid_tag=dcca9810&wsiphost=ipdbm
  -> [RequestGroup.cc:748] errorCode=18 Download aborted.
  -> [util.cc:1584] errNum=13 errorCode=18 Failed to make the directory /Users/XXX/Downloads, cause: Permission denied
2016-08-12 23:32:28.225470 [WARN] [DownloadEngineFactory.cc:201] Neither --rpc-secret nor a combination of --rpc-user and --rpc-passwd is set. This is insecure. It is extremely recommended to specify --rpc-secret with the adequate secrecy or now deprecated --rpc-user and --rpc-passwd.
2016-08-12 23:46:44.150900 [ERROR] [AbstractCommand.cc:377] CUID#37 - Download aborted. URI=http://d.pcs.baidu.com/file/523374612e575fe6c5980bd7c085e11f?fid=1597801778-250528-886102196478801&time=1471015894&rt=pr&sign=FDTAERVC-DCb740ccc5511e5e8fedcff06b081203-nHsnRd7GkRDaJ%2B1OCyoXDUL%2B8xI%3D&expires=8h&chkv=1&chkbd=1&chkpc=&dp-logid=5217927288884679963&dp-callid=0&r=146730078
Exception: [AbstractCommand.cc:339] errorCode=2 Timeout.
2016-08-21 22:50:00.786207 [WARN] [DownloadEngineFactory.cc:201] Neither --rpc-secret nor a combination of --rpc-user and --rpc-passwd is set. This is insecure. It is extremely recommended to specify --rpc-secret with the adequate secrecy or now deprecated --rpc-user and --rpc-passwd.
2016-08-21 22:50:01.009555 [ERROR] [AbstractCommand.cc:350] CUID#8 - Download aborted. URI=http://d.pcs.baidu.com/file/523374612e575fe6c5980bd7c085e11f?fid=1597801778-250528-886102196478801&time=1471015894&rt=pr&sign=FDTAERVC-DCb740ccc5511e5e8fedcff06b081203-nHsnRd7GkRDaJ%2B1OCyoXDUL%2B8xI%3D&expires=8h&chkv=1&chkbd=1&chkpc=&dp-logid=5217927288884679963&dp-callid=0&r=146730078
Exception: [AbstractCommand.cc:350] errorCode=22 URI=http://d.pcs.baidu.com/file/523374612e575fe6c5980bd7c085e11f?fid=1597801778-250528-886102196478801&time=1471015894&rt=pr&sign=FDTAERVC-DCb740ccc5511e5e8fedcff06b081203-nHsnRd7GkRDaJ%2B1OCyoXDUL%2B8xI%3D&expires=8h&chkv=1&chkbd=1&chkpc=&dp-logid=5217927288884679963&dp-callid=0&r=146730078
  -> [HttpSkipResponseCommand.cc:239] errorCode=22 The response status is not successful. status=403
2016-12-07 23:35:35.112755 [WARN] [DownloadEngineFactory.cc:201] Neither --rpc-secret nor a combination of --rpc-user and --rpc-passwd is set. This is insecure. It is extremely recommended to specify --rpc-secret with the adequate secrecy or now deprecated --rpc-user and --rpc-passwd.
2016-12-07 23:35:35.282821 [ERROR] [AbstractCommand.cc:351] CUID#8 - Download aborted. URI=http://d.pcs.baidu.com/file/523374612e575fe6c5980bd7c085e11f?fid=1597801778-250528-886102196478801&time=1471015894&rt=pr&sign=FDTAERVC-DCb740ccc5511e5e8fedcff06b081203-nHsnRd7GkRDaJ%2B1OCyoXDUL%2B8xI%3D&expires=8h&chkv=1&chkbd=1&chkpc=&dp-logid=5217927288884679963&dp-callid=0&r=146730078
Exception: [AbstractCommand.cc:351] errorCode=22 URI=http://d.pcs.baidu.com/file/523374612e575fe6c5980bd7c085e11f?fid=1597801778-250528-886102196478801&time=1471015894&rt=pr&sign=FDTAERVC-DCb740ccc5511e5e8fedcff06b081203-nHsnRd7GkRDaJ%2B1OCyoXDUL%2B8xI%3D&expires=8h&chkv=1&chkbd=1&chkpc=&dp-logid=5217927288884679963&dp-callid=0&r=146730078
  -> [HttpSkipResponseCommand.cc:239] errorCode=22 The response status is not successful. status=403
2016-12-12 11:00:59.193249 [WARN] [DownloadEngineFactory.cc:201] Neither --rpc-secret nor a combination of --rpc-user and --rpc-passwd is set. This is insecure. It is extremely recommended to specify --rpc-secret with the adequate secrecy or now deprecated --rpc-user and --rpc-passwd.
2016-12-12 11:00:59.395877 [ERROR] [AbstractCommand.cc:351] CUID#8 - Download aborted. URI=http://d.pcs.baidu.com/file/523374612e575fe6c5980bd7c085e11f?fid=1597801778-250528-886102196478801&time=1471015894&rt=pr&sign=FDTAERVC-DCb740ccc5511e5e8fedcff06b081203-nHsnRd7GkRDaJ%2B1OCyoXDUL%2B8xI%3D&expires=8h&chkv=1&chkbd=1&chkpc=&dp-logid=5217927288884679963&dp-callid=0&r=146730078
Exception: [AbstractCommand.cc:351] errorCode=22 URI=http://d.pcs.baidu.com/file/523374612e575fe6c5980bd7c085e11f?fid=1597801778-250528-886102196478801&time=1471015894&rt=pr&sign=FDTAERVC-DCb740ccc5511e5e8fedcff06b081203-nHsnRd7GkRDaJ%2B1OCyoXDUL%2B8xI%3D&expires=8h&chkv=1&chkbd=1&chkpc=&dp-logid=5217927288884679963&dp-callid=0&r=146730078
  -> [HttpSkipResponseCommand.cc:239] errorCode=22 The response status is not successful. status=403
